Tables merger changes log

Version 1.5.2:
• ADP loader has been rebuilt; policy text now formatted properly;
• App about and Policy windows are now fully expandaple

Version 1.5:
• Fixed bug that disallowed to use columns headers with spaces

Version 1.4.3i:
• Application info interface now able to get last release's changes log;
• Found and fixed hidden bug that caused an error when starting the application from local network;
• Fixed bug that caused the web page request method to fail if server disconnected

Version 1.4.2p:
• Added ability to accept/decline ADP at first start to the application info interface

Version 1.4.1p:
• Updated application info interface (more convenient font is used for now);
• Added a button to access the Application development policy and EULA in the application info interface (due to ADP update);
• Added automatic check for updates to the application info interface

Version 1.4h:
• New application info interface implemented

Version 1.3.1:
• Some interface improvements applied

Version 1.3u:
• First publication on GitHub;
• Application namespace, icon and development environment have been unified;
• Localization system has been applied; English localization has been added
